<?xml version="1.0" encoding="UTF-8"?>
<testsuite name="com.phonebook.tests.LoginTests" tests="2" skipped="0" failures="0" errors="0" timestamp="2025-09-19T08:06:52.681Z" hostname="MacBook-Air-Anastasiya.local" time="13.692">
  <properties/>
  <testcase name="loginPositiveTest" classname="com.phonebook.tests.LoginTests" time="1.302"/>
  <testcase name="loginNegativeWithoutEmailTest" classname="com.phonebook.tests.LoginTests" time="2.291"/>
  <system-out><![CDATA[10:06:52.675 [Test worker] INFO  com.phonebook.tests.TestBase -- Start test loginPositiveTest[]
10:06:52.676 [Test worker] INFO  com.phonebook.utils.MyListener -- Before find elements By.cssSelector: [href='/login']
10:06:52.676 [Test worker] INFO  com.phonebook.utils.MyListener -- ************************************
10:06:52.680 [Test worker] INFO  com.phonebook.utils.MyListener -- List size is 1
10:06:52.680 [Test worker] INFO  com.phonebook.utils.MyListener -- ************************************
10:06:52.681 [Test worker] INFO  com.phonebook.tests.TestBase -- Login with data --> manual22@gmail.com*************Manuel12345$
10:06:52.681 [Test worker] INFO  com.phonebook.utils.MyListener -- The locator will find By.cssSelector: [href='/login']
10:06:52.681 [Test worker] INFO  com.phonebook.utils.MyListener -- ************************************
10:06:52.684 [Test worker] INFO  com.phonebook.utils.MyListener -- The locator is By.cssSelector: [href='/login']
10:06:52.684 [Test worker] INFO  com.phonebook.utils.MyListener -- ************************************
10:06:52.711 [Test worker] INFO  com.phonebook.utils.MyListener -- The locator will find By.name: email
10:06:52.711 [Test worker] INFO  com.phonebook.utils.MyListener -- ************************************
10:06:52.717 [Test worker] INFO  com.phonebook.utils.MyListener -- The locator is By.name: email
10:06:52.717 [Test worker] INFO  com.phonebook.utils.MyListener -- ************************************
10:06:52.743 [Test worker] INFO  com.phonebook.utils.MyListener -- The locator will find By.name: email
10:06:52.743 [Test worker] INFO  com.phonebook.utils.MyListener -- ************************************
10:06:52.757 [Test worker] INFO  com.phonebook.utils.MyListener -- The locator is By.name: email
10:06:52.757 [Test worker] INFO  com.phonebook.utils.MyListener -- ************************************
10:06:52.769 [Test worker] INFO  com.phonebook.utils.MyListener -- The locator will find By.name: email
10:06:52.769 [Test worker] INFO  com.phonebook.utils.MyListener -- ************************************
10:06:52.773 [Test worker] INFO  com.phonebook.utils.MyListener -- The locator is By.name: email
10:06:52.773 [Test worker] INFO  com.phonebook.utils.MyListener -- ************************************
10:06:52.800 [Test worker] INFO  com.phonebook.utils.MyListener -- The locator will find By.name: password
10:06:52.800 [Test worker] INFO  com.phonebook.utils.MyListener -- ************************************
10:06:52.803 [Test worker] INFO  com.phonebook.utils.MyListener -- The locator is By.name: password
10:06:52.803 [Test worker] INFO  com.phonebook.utils.MyListener -- ************************************
10:06:52.841 [Test worker] INFO  com.phonebook.utils.MyListener -- The locator will find By.name: password
10:06:52.841 [Test worker] INFO  com.phonebook.utils.MyListener -- ************************************
10:06:52.850 [Test worker] INFO  com.phonebook.utils.MyListener -- The locator is By.name: password
10:06:52.850 [Test worker] INFO  com.phonebook.utils.MyListener -- ************************************
10:06:52.864 [Test worker] INFO  com.phonebook.utils.MyListener -- The locator will find By.name: password
10:06:52.864 [Test worker] INFO  com.phonebook.utils.MyListener -- ************************************
10:06:52.869 [Test worker] INFO  com.phonebook.utils.MyListener -- The locator is By.name: password
10:06:52.869 [Test worker] INFO  com.phonebook.utils.MyListener -- ************************************
10:06:52.889 [Test worker] INFO  com.phonebook.utils.MyListener -- The locator will find By.name: login
10:06:52.889 [Test worker] INFO  com.phonebook.utils.MyListener -- ************************************
10:06:52.895 [Test worker] INFO  com.phonebook.utils.MyListener -- The locator is By.name: login
10:06:52.895 [Test worker] INFO  com.phonebook.utils.MyListener -- ************************************
10:06:52.920 [Test worker] INFO  com.phonebook.utils.MyListener -- Before find elements By.xpath: //button[.='Sign Out']
10:06:52.920 [Test worker] INFO  com.phonebook.utils.MyListener -- ************************************
10:06:53.983 [Test worker] INFO  com.phonebook.utils.MyListener -- List size is 1
10:06:53.983 [Test worker] INFO  com.phonebook.utils.MyListener -- ************************************
10:06:53.984 [Test worker] INFO  com.phonebook.tests.TestBase -- PASSED: loginPositiveTest
10:06:53.984 [Test worker] INFO  com.phonebook.tests.TestBase -- Stop test
10:06:53.984 [Test worker] INFO  com.phonebook.tests.TestBase -- *********************************************************
10:06:53.985 [Test worker] INFO  com.phonebook.tests.TestBase -- Start test loginNegativeWithoutEmailTest[]
10:06:53.985 [Test worker] INFO  com.phonebook.utils.MyListener -- Before find elements By.cssSelector: [href='/login']
10:06:53.985 [Test worker] INFO  com.phonebook.utils.MyListener -- ************************************
10:07:04.021 [Test worker] INFO  com.phonebook.utils.MyListener -- List size is 0
10:07:04.022 [Test worker] INFO  com.phonebook.utils.MyListener -- ************************************
10:07:04.022 [Test worker] INFO  com.phonebook.utils.MyListener -- The locator will find By.xpath: //button[.='Sign Out']
10:07:04.022 [Test worker] INFO  com.phonebook.utils.MyListener -- ************************************
10:07:04.034 [Test worker] INFO  com.phonebook.utils.MyListener -- The locator is By.xpath: //button[.='Sign Out']
10:07:04.034 [Test worker] INFO  com.phonebook.utils.MyListener -- ************************************
10:07:04.082 [Test worker] INFO  com.phonebook.utils.MyListener -- The locator will find By.cssSelector: [href='/login']
10:07:04.082 [Test worker] INFO  com.phonebook.utils.MyListener -- ************************************
10:07:04.090 [Test worker] INFO  com.phonebook.utils.MyListener -- The locator is By.cssSelector: [href='/login']
10:07:04.090 [Test worker] INFO  com.phonebook.utils.MyListener -- ************************************
10:07:04.129 [Test worker] INFO  com.phonebook.utils.MyListener -- The locator will find By.name: password
10:07:04.129 [Test worker] INFO  com.phonebook.utils.MyListener -- ************************************
10:07:04.133 [Test worker] INFO  com.phonebook.utils.MyListener -- The locator is By.name: password
10:07:04.133 [Test worker] INFO  com.phonebook.utils.MyListener -- ************************************
10:07:04.172 [Test worker] INFO  com.phonebook.utils.MyListener -- The locator will find By.name: password
10:07:04.172 [Test worker] INFO  com.phonebook.utils.MyListener -- ************************************
10:07:04.176 [Test worker] INFO  com.phonebook.utils.MyListener -- The locator is By.name: password
10:07:04.176 [Test worker] INFO  com.phonebook.utils.MyListener -- ************************************
10:07:04.187 [Test worker] INFO  com.phonebook.utils.MyListener -- The locator will find By.name: password
10:07:04.187 [Test worker] INFO  com.phonebook.utils.MyListener -- ************************************
10:07:04.191 [Test worker] INFO  com.phonebook.utils.MyListener -- The locator is By.name: password
10:07:04.191 [Test worker] INFO  com.phonebook.utils.MyListener -- ************************************
10:07:04.209 [Test worker] INFO  com.phonebook.utils.MyListener -- The locator will find By.name: login
10:07:04.209 [Test worker] INFO  com.phonebook.utils.MyListener -- ************************************
10:07:04.212 [Test worker] INFO  com.phonebook.utils.MyListener -- The locator is By.name: login
10:07:04.212 [Test worker] INFO  com.phonebook.utils.MyListener -- ************************************
10:07:04.238 [Test worker] INFO  com.phonebook.utils.MyListener -- The test have a problem
10:07:04.239 [Test worker] INFO  com.phonebook.utils.MyListener -- ***************************
10:07:04.239 [Test worker] INFO  com.phonebook.utils.MyListener -- Method --> alert
10:07:04.239 [Test worker] INFO  com.phonebook.utils.MyListener -- ****************************
10:07:04.239 [Test worker] INFO  com.phonebook.utils.MyListener -- TargetException --> org.openqa.selenium.NoAlertPresentException: no such alert
  (Session info: chrome=140.0.7339.185)
Build info: version: '4.30.0', revision: '509c7f17cc*'
System info: os.name: 'Mac OS X', os.arch: 'aarch64', os.version: '15.6', java.version: '17.0.16'
Driver info: org.openqa.selenium.chrome.ChromeDriver
Command: [b7dbca26797e03a3166f9caec9217fa9, getAlertText {}]
Capabilities {acceptInsecureCerts: false, browserName: chrome, browserVersion: 140.0.7339.185, chrome: {chromedriverVersion: 140.0.7339.80 (670b6f192f46..., userDataDir: /var/folders/qd/5kk3ymcj60x...}, fedcm:accounts: true, goog:chromeOptions: {debuggerAddress: localhost:62455}, networkConnectionEnabled: false, pageLoadStrategy: normal, platformName: mac, proxy: Proxy(), se:cdp: ws://localhost:62455/devtoo..., se:cdpVersion: 140.0.7339.185, setWindowRect: true, strictFileInteractability: false, timeouts: {implicit: 0, pageLoad: 300000, script: 30000}, unhandledPromptBehavior: dismiss and notify, webauthn:extension:credBlob: true, webauthn:extension:largeBlob: true, webauthn:extension:minPinLength: true, webauthn:extension:prf: true, webauthn:virtualAuthenticators: true}
Session ID: b7dbca26797e03a3166f9caec9217fa9
10:07:04.239 [Test worker] INFO  com.phonebook.utils.MyListener -- ***************************************
10:07:04.239 [Test worker] INFO  com.phonebook.utils.MyListener -- Object target --> org.openqa.selenium.remote.RemoteWebDriver$RemoteTargetLocator@590dea35
10:07:04.239 [Test worker] INFO  com.phonebook.utils.MyListener -- ****************************************
10:07:04.749 [Test worker] INFO  com.phonebook.utils.MyListener -- The test have a problem
10:07:04.750 [Test worker] INFO  com.phonebook.utils.MyListener -- ***************************
10:07:04.750 [Test worker] INFO  com.phonebook.utils.MyListener -- Method --> alert
10:07:04.750 [Test worker] INFO  com.phonebook.utils.MyListener -- ****************************
10:07:04.750 [Test worker] INFO  com.phonebook.utils.MyListener -- TargetException --> org.openqa.selenium.NoAlertPresentException: no such alert
  (Session info: chrome=140.0.7339.185)
Build info: version: '4.30.0', revision: '509c7f17cc*'
System info: os.name: 'Mac OS X', os.arch: 'aarch64', os.version: '15.6', java.version: '17.0.16'
Driver info: org.openqa.selenium.chrome.ChromeDriver
Command: [b7dbca26797e03a3166f9caec9217fa9, getAlertText {}]
Capabilities {acceptInsecureCerts: false, browserName: chrome, browserVersion: 140.0.7339.185, chrome: {chromedriverVersion: 140.0.7339.80 (670b6f192f46..., userDataDir: /var/folders/qd/5kk3ymcj60x...}, fedcm:accounts: true, goog:chromeOptions: {debuggerAddress: localhost:62455}, networkConnectionEnabled: false, pageLoadStrategy: normal, platformName: mac, proxy: Proxy(), se:cdp: ws://localhost:62455/devtoo..., se:cdpVersion: 140.0.7339.185, setWindowRect: true, strictFileInteractability: false, timeouts: {implicit: 0, pageLoad: 300000, script: 30000}, unhandledPromptBehavior: dismiss and notify, webauthn:extension:credBlob: true, webauthn:extension:largeBlob: true, webauthn:extension:minPinLength: true, webauthn:extension:prf: true, webauthn:virtualAuthenticators: true}
Session ID: b7dbca26797e03a3166f9caec9217fa9
10:07:04.750 [Test worker] INFO  com.phonebook.utils.MyListener -- ***************************************
10:07:04.750 [Test worker] INFO  com.phonebook.utils.MyListener -- Object target --> org.openqa.selenium.remote.RemoteWebDriver$RemoteTargetLocator@6550ce46
10:07:04.750 [Test worker] INFO  com.phonebook.utils.MyListener -- ****************************************
10:07:05.257 [Test worker] INFO  com.phonebook.utils.MyListener -- The test have a problem
10:07:05.257 [Test worker] INFO  com.phonebook.utils.MyListener -- ***************************
10:07:05.257 [Test worker] INFO  com.phonebook.utils.MyListener -- Method --> alert
10:07:05.257 [Test worker] INFO  com.phonebook.utils.MyListener -- ****************************
10:07:05.257 [Test worker] INFO  com.phonebook.utils.MyListener -- TargetException --> org.openqa.selenium.NoAlertPresentException: no such alert
  (Session info: chrome=140.0.7339.185)
Build info: version: '4.30.0', revision: '509c7f17cc*'
System info: os.name: 'Mac OS X', os.arch: 'aarch64', os.version: '15.6', java.version: '17.0.16'
Driver info: org.openqa.selenium.chrome.ChromeDriver
Command: [b7dbca26797e03a3166f9caec9217fa9, getAlertText {}]
Capabilities {acceptInsecureCerts: false, browserName: chrome, browserVersion: 140.0.7339.185, chrome: {chromedriverVersion: 140.0.7339.80 (670b6f192f46..., userDataDir: /var/folders/qd/5kk3ymcj60x...}, fedcm:accounts: true, goog:chromeOptions: {debuggerAddress: localhost:62455}, networkConnectionEnabled: false, pageLoadStrategy: normal, platformName: mac, proxy: Proxy(), se:cdp: ws://localhost:62455/devtoo..., se:cdpVersion: 140.0.7339.185, setWindowRect: true, strictFileInteractability: false, timeouts: {implicit: 0, pageLoad: 300000, script: 30000}, unhandledPromptBehavior: dismiss and notify, webauthn:extension:credBlob: true, webauthn:extension:largeBlob: true, webauthn:extension:minPinLength: true, webauthn:extension:prf: true, webauthn:virtualAuthenticators: true}
Session ID: b7dbca26797e03a3166f9caec9217fa9
10:07:05.257 [Test worker] INFO  com.phonebook.utils.MyListener -- ***************************************
10:07:05.257 [Test worker] INFO  com.phonebook.utils.MyListener -- Object target --> org.openqa.selenium.remote.RemoteWebDriver$RemoteTargetLocator@69f69078
10:07:05.257 [Test worker] INFO  com.phonebook.utils.MyListener -- ****************************************
10:07:05.764 [Test worker] INFO  com.phonebook.utils.MyListener -- The test have a problem
10:07:05.764 [Test worker] INFO  com.phonebook.utils.MyListener -- ***************************
10:07:05.764 [Test worker] INFO  com.phonebook.utils.MyListener -- Method --> alert
10:07:05.764 [Test worker] INFO  com.phonebook.utils.MyListener -- ****************************
10:07:05.765 [Test worker] INFO  com.phonebook.utils.MyListener -- TargetException --> org.openqa.selenium.NoAlertPresentException: no such alert
  (Session info: chrome=140.0.7339.185)
Build info: version: '4.30.0', revision: '509c7f17cc*'
System info: os.name: 'Mac OS X', os.arch: 'aarch64', os.version: '15.6', java.version: '17.0.16'
Driver info: org.openqa.selenium.chrome.ChromeDriver
Command: [b7dbca26797e03a3166f9caec9217fa9, getAlertText {}]
Capabilities {acceptInsecureCerts: false, browserName: chrome, browserVersion: 140.0.7339.185, chrome: {chromedriverVersion: 140.0.7339.80 (670b6f192f46..., userDataDir: /var/folders/qd/5kk3ymcj60x...}, fedcm:accounts: true, goog:chromeOptions: {debuggerAddress: localhost:62455}, networkConnectionEnabled: false, pageLoadStrategy: normal, platformName: mac, proxy: Proxy(), se:cdp: ws://localhost:62455/devtoo..., se:cdpVersion: 140.0.7339.185, setWindowRect: true, strictFileInteractability: false, timeouts: {implicit: 0, pageLoad: 300000, script: 30000}, unhandledPromptBehavior: dismiss and notify, webauthn:extension:credBlob: true, webauthn:extension:largeBlob: true, webauthn:extension:minPinLength: true, webauthn:extension:prf: true, webauthn:virtualAuthenticators: true}
Session ID: b7dbca26797e03a3166f9caec9217fa9
10:07:05.765 [Test worker] INFO  com.phonebook.utils.MyListener -- ***************************************
10:07:05.765 [Test worker] INFO  com.phonebook.utils.MyListener -- Object target --> org.openqa.selenium.remote.RemoteWebDriver$RemoteTargetLocator@13b29b34
10:07:05.765 [Test worker] INFO  com.phonebook.utils.MyListener -- ****************************************
10:07:06.374 [Test worker] INFO  com.phonebook.tests.TestBase -- PASSED: loginNegativeWithoutEmailTest
10:07:06.374 [Test worker] INFO  com.phonebook.tests.TestBase -- Stop test
10:07:06.375 [Test worker] INFO  com.phonebook.tests.TestBase -- *********************************************************
]]></system-out>
  <system-err><![CDATA[]]></system-err>
</testsuite>
