<!DOCTYPE html>
<html>
<head>
<meta http-equiv="Content-Type" content="text/html; charset=utf-8"/>
<meta http-equiv="x-ua-compatible" content="IE=edge"/>
<title>Test results - Class com.phonebook.tests.LoginTests</title>
<link href="../css/base-style.css" rel="stylesheet" type="text/css"/>
<link href="../css/style.css" rel="stylesheet" type="text/css"/>
<script src="../js/report.js" type="text/javascript"></script>
</head>
<body>
<div id="content">
<h1>Class com.phonebook.tests.LoginTests</h1>
<div class="breadcrumbs">
<a href="../index.html">all</a> &gt; 
<a href="../packages/com.phonebook.tests.html">com.phonebook.tests</a> &gt; LoginTests</div>
<div id="summary">
<table>
<tr>
<td>
<div class="summaryGroup">
<table>
<tr>
<td>
<div class="infoBox" id="tests">
<div class="counter">2</div>
<p>tests</p>
</div>
</td>
<td>
<div class="infoBox" id="failures">
<div class="counter">0</div>
<p>failures</p>
</div>
</td>
<td>
<div class="infoBox" id="ignored">
<div class="counter">0</div>
<p>ignored</p>
</div>
</td>
<td>
<div class="infoBox" id="duration">
<div class="counter">3.593s</div>
<p>duration</p>
</div>
</td>
</tr>
</table>
</div>
</td>
<td>
<div class="infoBox success" id="successRate">
<div class="percent">100%</div>
<p>successful</p>
</div>
</td>
</tr>
</table>
</div>
<div class="tab-container">
<ul class="tabLinks">
<li>
<a href="#">Tests</a>
</li>
<li>
<a href="#">Standard output</a>
</li>
</ul>
<div class="tab">
<h2>Tests</h2>
<table>
<thead>
<tr>
<th>Test</th>
<th>Duration</th>
<th>Result</th>
</tr>
</thead>
<tr>
<td class="success">loginNegativeWithoutEmailTest</td>
<td class="success">2.291s</td>
<td class="success">passed</td>
</tr>
<tr>
<td class="success">loginPositiveTest</td>
<td class="success">1.302s</td>
<td class="success">passed</td>
</tr>
</table>
</div>
<div class="tab">
<h2>Standard output</h2>
<span class="code">
<pre>10:06:52.675 [Test worker] INFO  com.phonebook.tests.TestBase -- Start test loginPositiveTest[]
10:06:52.676 [Test worker] INFO  com.phonebook.utils.MyListener -- Before find elements By.cssSelector: [href='/login']
10:06:52.676 [Test worker] INFO  com.phonebook.utils.MyListener -- ************************************
10:06:52.680 [Test worker] INFO  com.phonebook.utils.MyListener -- List size is 1
10:06:52.680 [Test worker] INFO  com.phonebook.utils.MyListener -- ************************************
10:06:52.681 [Test worker] INFO  com.phonebook.tests.TestBase -- Login with data --&gt; manual22@gmail.com*************Manuel12345$
10:06:52.681 [Test worker] INFO  com.phonebook.utils.MyListener -- The locator will find By.cssSelector: [href='/login']
10:06:52.681 [Test worker] INFO  com.phonebook.utils.MyListener -- ************************************
10:06:52.684 [Test worker] INFO  com.phonebook.utils.MyListener -- The locator is By.cssSelector: [href='/login']
10:06:52.684 [Test worker] INFO  com.phonebook.utils.MyListener -- ************************************
10:06:52.711 [Test worker] INFO  com.phonebook.utils.MyListener -- The locator will find By.name: email
10:06:52.711 [Test worker] INFO  com.phonebook.utils.MyListener -- ************************************
10:06:52.717 [Test worker] INFO  com.phonebook.utils.MyListener -- The locator is By.name: email
10:06:52.717 [Test worker] INFO  com.phonebook.utils.MyListener -- ************************************
10:06:52.743 [Test worker] INFO  com.phonebook.utils.MyListener -- The locator will find By.name: email
10:06:52.743 [Test worker] INFO  com.phonebook.utils.MyListener -- ************************************
10:06:52.757 [Test worker] INFO  com.phonebook.utils.MyListener -- The locator is By.name: email
10:06:52.757 [Test worker] INFO  com.phonebook.utils.MyListener -- ************************************
10:06:52.769 [Test worker] INFO  com.phonebook.utils.MyListener -- The locator will find By.name: email
10:06:52.769 [Test worker] INFO  com.phonebook.utils.MyListener -- ************************************
10:06:52.773 [Test worker] INFO  com.phonebook.utils.MyListener -- The locator is By.name: email
10:06:52.773 [Test worker] INFO  com.phonebook.utils.MyListener -- ************************************
10:06:52.800 [Test worker] INFO  com.phonebook.utils.MyListener -- The locator will find By.name: password
10:06:52.800 [Test worker] INFO  com.phonebook.utils.MyListener -- ************************************
10:06:52.803 [Test worker] INFO  com.phonebook.utils.MyListener -- The locator is By.name: password
10:06:52.803 [Test worker] INFO  com.phonebook.utils.MyListener -- ************************************
10:06:52.841 [Test worker] INFO  com.phonebook.utils.MyListener -- The locator will find By.name: password
10:06:52.841 [Test worker] INFO  com.phonebook.utils.MyListener -- ************************************
10:06:52.850 [Test worker] INFO  com.phonebook.utils.MyListener -- The locator is By.name: password
10:06:52.850 [Test worker] INFO  com.phonebook.utils.MyListener -- ************************************
10:06:52.864 [Test worker] INFO  com.phonebook.utils.MyListener -- The locator will find By.name: password
10:06:52.864 [Test worker] INFO  com.phonebook.utils.MyListener -- ************************************
10:06:52.869 [Test worker] INFO  com.phonebook.utils.MyListener -- The locator is By.name: password
10:06:52.869 [Test worker] INFO  com.phonebook.utils.MyListener -- ************************************
10:06:52.889 [Test worker] INFO  com.phonebook.utils.MyListener -- The locator will find By.name: login
10:06:52.889 [Test worker] INFO  com.phonebook.utils.MyListener -- ************************************
10:06:52.895 [Test worker] INFO  com.phonebook.utils.MyListener -- The locator is By.name: login
10:06:52.895 [Test worker] INFO  com.phonebook.utils.MyListener -- ************************************
10:06:52.920 [Test worker] INFO  com.phonebook.utils.MyListener -- Before find elements By.xpath: //button[.='Sign Out']
10:06:52.920 [Test worker] INFO  com.phonebook.utils.MyListener -- ************************************
10:06:53.983 [Test worker] INFO  com.phonebook.utils.MyListener -- List size is 1
10:06:53.983 [Test worker] INFO  com.phonebook.utils.MyListener -- ************************************
10:06:53.984 [Test worker] INFO  com.phonebook.tests.TestBase -- PASSED: loginPositiveTest
10:06:53.984 [Test worker] INFO  com.phonebook.tests.TestBase -- Stop test
10:06:53.984 [Test worker] INFO  com.phonebook.tests.TestBase -- *********************************************************
10:06:53.985 [Test worker] INFO  com.phonebook.tests.TestBase -- Start test loginNegativeWithoutEmailTest[]
10:06:53.985 [Test worker] INFO  com.phonebook.utils.MyListener -- Before find elements By.cssSelector: [href='/login']
10:06:53.985 [Test worker] INFO  com.phonebook.utils.MyListener -- ************************************
10:07:04.021 [Test worker] INFO  com.phonebook.utils.MyListener -- List size is 0
10:07:04.022 [Test worker] INFO  com.phonebook.utils.MyListener -- ************************************
10:07:04.022 [Test worker] INFO  com.phonebook.utils.MyListener -- The locator will find By.xpath: //button[.='Sign Out']
10:07:04.022 [Test worker] INFO  com.phonebook.utils.MyListener -- ************************************
10:07:04.034 [Test worker] INFO  com.phonebook.utils.MyListener -- The locator is By.xpath: //button[.='Sign Out']
10:07:04.034 [Test worker] INFO  com.phonebook.utils.MyListener -- ************************************
10:07:04.082 [Test worker] INFO  com.phonebook.utils.MyListener -- The locator will find By.cssSelector: [href='/login']
10:07:04.082 [Test worker] INFO  com.phonebook.utils.MyListener -- ************************************
10:07:04.090 [Test worker] INFO  com.phonebook.utils.MyListener -- The locator is By.cssSelector: [href='/login']
10:07:04.090 [Test worker] INFO  com.phonebook.utils.MyListener -- ************************************
10:07:04.129 [Test worker] INFO  com.phonebook.utils.MyListener -- The locator will find By.name: password
10:07:04.129 [Test worker] INFO  com.phonebook.utils.MyListener -- ************************************
10:07:04.133 [Test worker] INFO  com.phonebook.utils.MyListener -- The locator is By.name: password
10:07:04.133 [Test worker] INFO  com.phonebook.utils.MyListener -- ************************************
10:07:04.172 [Test worker] INFO  com.phonebook.utils.MyListener -- The locator will find By.name: password
10:07:04.172 [Test worker] INFO  com.phonebook.utils.MyListener -- ************************************
10:07:04.176 [Test worker] INFO  com.phonebook.utils.MyListener -- The locator is By.name: password
10:07:04.176 [Test worker] INFO  com.phonebook.utils.MyListener -- ************************************
10:07:04.187 [Test worker] INFO  com.phonebook.utils.MyListener -- The locator will find By.name: password
10:07:04.187 [Test worker] INFO  com.phonebook.utils.MyListener -- ************************************
10:07:04.191 [Test worker] INFO  com.phonebook.utils.MyListener -- The locator is By.name: password
10:07:04.191 [Test worker] INFO  com.phonebook.utils.MyListener -- ************************************
10:07:04.209 [Test worker] INFO  com.phonebook.utils.MyListener -- The locator will find By.name: login
10:07:04.209 [Test worker] INFO  com.phonebook.utils.MyListener -- ************************************
10:07:04.212 [Test worker] INFO  com.phonebook.utils.MyListener -- The locator is By.name: login
10:07:04.212 [Test worker] INFO  com.phonebook.utils.MyListener -- ************************************
10:07:04.238 [Test worker] INFO  com.phonebook.utils.MyListener -- The test have a problem
10:07:04.239 [Test worker] INFO  com.phonebook.utils.MyListener -- ***************************
10:07:04.239 [Test worker] INFO  com.phonebook.utils.MyListener -- Method --&gt; alert
10:07:04.239 [Test worker] INFO  com.phonebook.utils.MyListener -- ****************************
10:07:04.239 [Test worker] INFO  com.phonebook.utils.MyListener -- TargetException --&gt; org.openqa.selenium.NoAlertPresentException: no such alert
  (Session info: chrome=140.0.7339.185)
Build info: version: '4.30.0', revision: '509c7f17cc*'
System info: os.name: 'Mac OS X', os.arch: 'aarch64', os.version: '15.6', java.version: '17.0.16'
Driver info: org.openqa.selenium.chrome.ChromeDriver
Command: [b7dbca26797e03a3166f9caec9217fa9, getAlertText {}]
Capabilities {acceptInsecureCerts: false, browserName: chrome, browserVersion: 140.0.7339.185, chrome: {chromedriverVersion: 140.0.7339.80 (670b6f192f46..., userDataDir: /var/folders/qd/5kk3ymcj60x...}, fedcm:accounts: true, goog:chromeOptions: {debuggerAddress: localhost:62455}, networkConnectionEnabled: false, pageLoadStrategy: normal, platformName: mac, proxy: Proxy(), se:cdp: ws://localhost:62455/devtoo..., se:cdpVersion: 140.0.7339.185, setWindowRect: true, strictFileInteractability: false, timeouts: {implicit: 0, pageLoad: 300000, script: 30000}, unhandledPromptBehavior: dismiss and notify, webauthn:extension:credBlob: true, webauthn:extension:largeBlob: true, webauthn:extension:minPinLength: true, webauthn:extension:prf: true, webauthn:virtualAuthenticators: true}
Session ID: b7dbca26797e03a3166f9caec9217fa9
10:07:04.239 [Test worker] INFO  com.phonebook.utils.MyListener -- ***************************************
10:07:04.239 [Test worker] INFO  com.phonebook.utils.MyListener -- Object target --&gt; org.openqa.selenium.remote.RemoteWebDriver$RemoteTargetLocator@590dea35
10:07:04.239 [Test worker] INFO  com.phonebook.utils.MyListener -- ****************************************
10:07:04.749 [Test worker] INFO  com.phonebook.utils.MyListener -- The test have a problem
10:07:04.750 [Test worker] INFO  com.phonebook.utils.MyListener -- ***************************
10:07:04.750 [Test worker] INFO  com.phonebook.utils.MyListener -- Method --&gt; alert
10:07:04.750 [Test worker] INFO  com.phonebook.utils.MyListener -- ****************************
10:07:04.750 [Test worker] INFO  com.phonebook.utils.MyListener -- TargetException --&gt; org.openqa.selenium.NoAlertPresentException: no such alert
  (Session info: chrome=140.0.7339.185)
Build info: version: '4.30.0', revision: '509c7f17cc*'
System info: os.name: 'Mac OS X', os.arch: 'aarch64', os.version: '15.6', java.version: '17.0.16'
Driver info: org.openqa.selenium.chrome.ChromeDriver
Command: [b7dbca26797e03a3166f9caec9217fa9, getAlertText {}]
Capabilities {acceptInsecureCerts: false, browserName: chrome, browserVersion: 140.0.7339.185, chrome: {chromedriverVersion: 140.0.7339.80 (670b6f192f46..., userDataDir: /var/folders/qd/5kk3ymcj60x...}, fedcm:accounts: true, goog:chromeOptions: {debuggerAddress: localhost:62455}, networkConnectionEnabled: false, pageLoadStrategy: normal, platformName: mac, proxy: Proxy(), se:cdp: ws://localhost:62455/devtoo..., se:cdpVersion: 140.0.7339.185, setWindowRect: true, strictFileInteractability: false, timeouts: {implicit: 0, pageLoad: 300000, script: 30000}, unhandledPromptBehavior: dismiss and notify, webauthn:extension:credBlob: true, webauthn:extension:largeBlob: true, webauthn:extension:minPinLength: true, webauthn:extension:prf: true, webauthn:virtualAuthenticators: true}
Session ID: b7dbca26797e03a3166f9caec9217fa9
10:07:04.750 [Test worker] INFO  com.phonebook.utils.MyListener -- ***************************************
10:07:04.750 [Test worker] INFO  com.phonebook.utils.MyListener -- Object target --&gt; org.openqa.selenium.remote.RemoteWebDriver$RemoteTargetLocator@6550ce46
10:07:04.750 [Test worker] INFO  com.phonebook.utils.MyListener -- ****************************************
10:07:05.257 [Test worker] INFO  com.phonebook.utils.MyListener -- The test have a problem
10:07:05.257 [Test worker] INFO  com.phonebook.utils.MyListener -- ***************************
10:07:05.257 [Test worker] INFO  com.phonebook.utils.MyListener -- Method --&gt; alert
10:07:05.257 [Test worker] INFO  com.phonebook.utils.MyListener -- ****************************
10:07:05.257 [Test worker] INFO  com.phonebook.utils.MyListener -- TargetException --&gt; org.openqa.selenium.NoAlertPresentException: no such alert
  (Session info: chrome=140.0.7339.185)
Build info: version: '4.30.0', revision: '509c7f17cc*'
System info: os.name: 'Mac OS X', os.arch: 'aarch64', os.version: '15.6', java.version: '17.0.16'
Driver info: org.openqa.selenium.chrome.ChromeDriver
Command: [b7dbca26797e03a3166f9caec9217fa9, getAlertText {}]
Capabilities {acceptInsecureCerts: false, browserName: chrome, browserVersion: 140.0.7339.185, chrome: {chromedriverVersion: 140.0.7339.80 (670b6f192f46..., userDataDir: /var/folders/qd/5kk3ymcj60x...}, fedcm:accounts: true, goog:chromeOptions: {debuggerAddress: localhost:62455}, networkConnectionEnabled: false, pageLoadStrategy: normal, platformName: mac, proxy: Proxy(), se:cdp: ws://localhost:62455/devtoo..., se:cdpVersion: 140.0.7339.185, setWindowRect: true, strictFileInteractability: false, timeouts: {implicit: 0, pageLoad: 300000, script: 30000}, unhandledPromptBehavior: dismiss and notify, webauthn:extension:credBlob: true, webauthn:extension:largeBlob: true, webauthn:extension:minPinLength: true, webauthn:extension:prf: true, webauthn:virtualAuthenticators: true}
Session ID: b7dbca26797e03a3166f9caec9217fa9
10:07:05.257 [Test worker] INFO  com.phonebook.utils.MyListener -- ***************************************
10:07:05.257 [Test worker] INFO  com.phonebook.utils.MyListener -- Object target --&gt; org.openqa.selenium.remote.RemoteWebDriver$RemoteTargetLocator@69f69078
10:07:05.257 [Test worker] INFO  com.phonebook.utils.MyListener -- ****************************************
10:07:05.764 [Test worker] INFO  com.phonebook.utils.MyListener -- The test have a problem
10:07:05.764 [Test worker] INFO  com.phonebook.utils.MyListener -- ***************************
10:07:05.764 [Test worker] INFO  com.phonebook.utils.MyListener -- Method --&gt; alert
10:07:05.764 [Test worker] INFO  com.phonebook.utils.MyListener -- ****************************
10:07:05.765 [Test worker] INFO  com.phonebook.utils.MyListener -- TargetException --&gt; org.openqa.selenium.NoAlertPresentException: no such alert
  (Session info: chrome=140.0.7339.185)
Build info: version: '4.30.0', revision: '509c7f17cc*'
System info: os.name: 'Mac OS X', os.arch: 'aarch64', os.version: '15.6', java.version: '17.0.16'
Driver info: org.openqa.selenium.chrome.ChromeDriver
Command: [b7dbca26797e03a3166f9caec9217fa9, getAlertText {}]
Capabilities {acceptInsecureCerts: false, browserName: chrome, browserVersion: 140.0.7339.185, chrome: {chromedriverVersion: 140.0.7339.80 (670b6f192f46..., userDataDir: /var/folders/qd/5kk3ymcj60x...}, fedcm:accounts: true, goog:chromeOptions: {debuggerAddress: localhost:62455}, networkConnectionEnabled: false, pageLoadStrategy: normal, platformName: mac, proxy: Proxy(), se:cdp: ws://localhost:62455/devtoo..., se:cdpVersion: 140.0.7339.185, setWindowRect: true, strictFileInteractability: false, timeouts: {implicit: 0, pageLoad: 300000, script: 30000}, unhandledPromptBehavior: dismiss and notify, webauthn:extension:credBlob: true, webauthn:extension:largeBlob: true, webauthn:extension:minPinLength: true, webauthn:extension:prf: true, webauthn:virtualAuthenticators: true}
Session ID: b7dbca26797e03a3166f9caec9217fa9
10:07:05.765 [Test worker] INFO  com.phonebook.utils.MyListener -- ***************************************
10:07:05.765 [Test worker] INFO  com.phonebook.utils.MyListener -- Object target --&gt; org.openqa.selenium.remote.RemoteWebDriver$RemoteTargetLocator@13b29b34
10:07:05.765 [Test worker] INFO  com.phonebook.utils.MyListener -- ****************************************
10:07:06.374 [Test worker] INFO  com.phonebook.tests.TestBase -- PASSED: loginNegativeWithoutEmailTest
10:07:06.374 [Test worker] INFO  com.phonebook.tests.TestBase -- Stop test
10:07:06.375 [Test worker] INFO  com.phonebook.tests.TestBase -- *********************************************************
</pre>
</span>
</div>
</div>
<div id="footer">
<p>
<div>
<label class="hidden" id="label-for-line-wrapping-toggle" for="line-wrapping-toggle">Wrap lines
<input id="line-wrapping-toggle" type="checkbox" autocomplete="off"/>
</label>
</div>Generated by 
<a href="https://www.gradle.org">Gradle 8.13</a> at 19 сент. 2025 г., 10:07:06</p>
</div>
</div>
</body>
</html>
